# JRE version: Java(TM) SE Runtime Environment (8.0_333-b02) (build 1.8.0_333-b02)
# Java VM: Java HotSpot(TM) 64-Bit Server VM (25.333-b02 mixed mode windows-amd64 compressed oops)
Heap:
 PSYoungGen      total 237568K, used 177244K [0x00000000d6500000, 0x00000000e6980000, 0x0000000100000000)
  eden space 216576K, 81% used [0x00000000d6500000,0x00000000e1217078,0x00000000e3880000)
  from space 20992K, 0% used [0x00000000e5500000,0x00000000e5500000,0x00000000e6980000)
  to   space 25088K, 0% used [0x00000000e3880000,0x00000000e3880000,0x00000000e5100000)
 ParOldGen       total 96768K, used 20537K [0x0000000082e00000, 0x0000000088c80000, 0x00000000d6500000)
  object space 96768K, 21% used [0x0000000082e00000,0x000000008420e6b0,0x0000000088c80000)
 Metaspace       used 47494K, capacity 49833K, committed 49880K, reserved 1093632K
  class space    used 6001K, capacity 6389K, committed 6400K, reserved 1048576K
GC Heap History (10 events):
Event: 1.696 GC heap before
{Heap before GC invocations=8 (full 1):
 PSYoungGen      total 110080K, used 108349K [0x00000000d6500000, 0x00000000dda00000, 0x0000000100000000)
  eden space 101376K, 100% used [0x00000000d6500000,0x00000000dc800000,0x00000000dc800000)
  from space 8704K, 80% used [0x00000000dd080000,0x00000000dd74f648,0x00000000dd900000)
  to   space 8704K, 0% used [0x00000000dc800000,0x00000000dc800000,0x00000000dd080000)
 ParOldGen       total 57344K, used 7071K [0x0000000082e00000, 0x0000000086600000, 0x00000000d6500000)
  object space 57344K, 12% used [0x0000000082e00000,0x00000000834e7e38,0x0000000086600000)
 Metaspace       used 22143K, capacity 23120K, committed 23296K, reserved 1069056K
  class space    used 2743K, capacity 2946K, committed 3072K, reserved 1048576K
Event: 1.712 GC heap after
Heap after GC invocations=8 (full 1):
 PSYoungGen      total 110080K, used 8701K [0x00000000d6500000, 0x00000000e2300000, 0x0000000100000000)
  eden space 101376K, 0% used [0x00000000d6500000,0x00000000d6500000,0x00000000dc800000)
  from space 8704K, 99% used [0x00000000dc800000,0x00000000dd07f6e8,0x00000000dd080000)
  to   space 15872K, 0% used [0x00000000e1380000,0x00000000e1380000,0x00000000e2300000)
 ParOldGen       total 57344K, used 19790K [0x0000000082e00000, 0x0000000086600000, 0x00000000d6500000)
  object space 57344K, 34% used [0x0000000082e00000,0x0000000084153bc8,0x0000000086600000)
 Metaspace       used 22143K, capacity 23120K, committed 23296K, reserved 1069056K
  class space    used 2743K, capacity 2946K, committed 3072K, reserved 1048576K
}
Event: 1.941 GC heap before
{Heap before GC invocations=9 (full 1):
 PSYoungGen      total 110080K, used 110077K [0x00000000d6500000, 0x00000000e2300000, 0x0000000100000000)
  eden space 101376K, 100% used [0x00000000d6500000,0x00000000dc800000,0x00000000dc800000)
  from space 8704K, 99% used [0x00000000dc800000,0x00000000dd07f6e8,0x00000000dd080000)
  to   space 15872K, 0% used [0x00000000e1380000,0x00000000e1380000,0x00000000e2300000)
 ParOldGen       total 57344K, used 19790K [0x0000000082e00000, 0x0000000086600000, 0x00000000d6500000)
  object space 57344K, 34% used [0x0000000082e00000,0x0000000084153bc8,0x0000000086600000)
 Metaspace       used 22144K, capacity 23120K, committed 23296K, reserved 1069056K
  class space    used 2743K, capacity 2946K, committed 3072K, reserved 1048576K
Event: 1.954 GC heap after
Heap after GC invocations=9 (full 1):
 PSYoungGen      total 175104K, used 15868K [0x00000000d6500000, 0x00000000e2d80000, 0x0000000100000000)
  eden space 159232K, 0% used [0x00000000d6500000,0x00000000d6500000,0x00000000e0080000)
  from space 15872K, 99% used [0x00000000e1380000,0x00000000e22ff288,0x00000000e2300000)
  to   space 19456K, 0% used [0x00000000e0080000,0x00000000e0080000,0x00000000e1380000)
 ParOldGen       total 57344K, used 22731K [0x0000000082e00000, 0x0000000086600000, 0x00000000d6500000)
  object space 57344K, 39% used [0x0000000082e00000,0x0000000084432d00,0x0000000086600000)
 Metaspace       used 22144K, capacity 23120K, committed 23296K, reserved 1069056K
  class space    used 2743K, capacity 2946K, committed 3072K, reserved 1048576K
}
Event: 2.876 GC heap before
{Heap before GC invocations=10 (full 1):
 PSYoungGen      total 175104K, used 175100K [0x00000000d6500000, 0x00000000e2d80000, 0x0000000100000000)
  eden space 159232K, 100% used [0x00000000d6500000,0x00000000e0080000,0x00000000e0080000)
  from space 15872K, 99% used [0x00000000e1380000,0x00000000e22ff288,0x00000000e2300000)
  to   space 19456K, 0% used [0x00000000e0080000,0x00000000e0080000,0x00000000e1380000)
 ParOldGen       total 57344K, used 22731K [0x0000000082e00000, 0x0000000086600000, 0x00000000d6500000)
  object space 57344K, 39% used [0x0000000082e00000,0x0000000084432d00,0x0000000086600000)
 Metaspace       used 28883K, capacity 30398K, committed 30592K, reserved 1075200K
  class space    used 3627K, capacity 3919K, committed 3968K, reserved 1048576K
Event: 2.904 GC heap after
Heap after GC invocations=10 (full 1):
 PSYoungGen      total 178688K, used 19431K [0x00000000d6500000, 0x00000000e6e80000, 0x0000000100000000)
  eden space 159232K, 0% used [0x00000000d6500000,0x00000000d6500000,0x00000000e0080000)
  from space 19456K, 99% used [0x00000000e0080000,0x00000000e1379c88,0x00000000e1380000)
  to   space 26112K, 0% used [0x00000000e5500000,0x00000000e5500000,0x00000000e6e80000)
 ParOldGen       total 57344K, used 32882K [0x0000000082e00000, 0x0000000086600000, 0x00000000d6500000)
  object space 57344K, 57% used [0x0000000082e00000,0x0000000084e1cb78,0x0000000086600000)
 Metaspace       used 28883K, capacity 30398K, committed 30592K, reserved 1075200K
  class space    used 3627K, capacity 3919K, committed 3968K, reserved 1048576K
}
Event: 3.257 GC heap before
{Heap before GC invocations=11 (full 1):
 PSYoungGen      total 178688K, used 62260K [0x00000000d6500000, 0x00000000e6e80000, 0x0000000100000000)
  eden space 159232K, 26% used [0x00000000d6500000,0x00000000d8ed3378,0x00000000e0080000)
  from space 19456K, 99% used [0x00000000e0080000,0x00000000e1379c88,0x00000000e1380000)
  to   space 26112K, 0% used [0x00000000e5500000,0x00000000e5500000,0x00000000e6e80000)
 ParOldGen       total 57344K, used 32882K [0x0000000082e00000, 0x0000000086600000, 0x00000000d6500000)
  object space 57344K, 57% used [0x0000000082e00000,0x0000000084e1cb78,0x0000000086600000)
 Metaspace       used 33613K, capacity 35302K, committed 35416K, reserved 1081344K
  class space    used 4135K, capacity 4439K, committed 4480K, reserved 1048576K
Event: 3.264 GC heap after
Heap after GC invocations=11 (full 1):
 PSYoungGen      total 237568K, used 9359K [0x00000000d6500000, 0x00000000e6980000, 0x0000000100000000)
  eden space 216576K, 0% used [0x00000000d6500000,0x00000000d6500000,0x00000000e3880000)
  from space 20992K, 44% used [0x00000000e5500000,0x00000000e5e23c08,0x00000000e6980000)
  to   space 25088K, 0% used [0x00000000e3880000,0x00000000e3880000,0x00000000e5100000)
 ParOldGen       total 57344K, used 35234K [0x0000000082e00000, 0x0000000086600000, 0x00000000d6500000)
  object space 57344K, 61% used [0x0000000082e00000,0x0000000085068b98,0x0000000086600000)
 Metaspace       used 33613K, capacity 35302K, committed 35416K, reserved 1081344K
  class space    used 4135K, capacity 4439K, committed 4480K, reserved 1048576K
}
Event: 3.264 GC heap before
{Heap before GC invocations=12 (full 2):
 PSYoungGen      total 237568K, used 9359K [0x00000000d6500000, 0x00000000e6980000, 0x0000000100000000)
  eden space 216576K, 0% used [0x00000000d6500000,0x00000000d6500000,0x00000000e3880000)
  from space 20992K, 44% used [0x00000000e5500000,0x00000000e5e23c08,0x00000000e6980000)
  to   space 25088K, 0% used [0x00000000e3880000,0x00000000e3880000,0x00000000e5100000)
 ParOldGen       total 57344K, used 35234K [0x0000000082e00000, 0x0000000086600000, 0x00000000d6500000)
  object space 57344K, 61% used [0x0000000082e00000,0x0000000085068b98,0x0000000086600000)
 Metaspace       used 33613K, capacity 35302K, committed 35416K, reserved 1081344K
  class space    used 4135K, capacity 4439K, committed 4480K, reserved 1048576K
Event: 3.310 GC heap after
Heap after GC invocations=12 (full 2):
 PSYoungGen      total 237568K, used 0K [0x00000000d6500000, 0x00000000e6980000, 0x0000000100000000)
  eden space 216576K, 0% used [0x00000000d6500000,0x00000000d6500000,0x00000000e3880000)
  from space 20992K, 0% used [0x00000000e5500000,0x00000000e5500000,0x00000000e6980000)
  to   space 25088K, 0% used [0x00000000e3880000,0x00000000e3880000,0x00000000e5100000)
 ParOldGen       total 96768K, used 20537K [0x0000000082e00000, 0x0000000088c80000, 0x00000000d6500000)
  object space 96768K, 21% used [0x0000000082e00000,0x000000008420e6b0,0x0000000088c80000)
 Metaspace       used 33613K, capacity 35302K, committed 35416K, reserved 1081344K
  class space    used 4135K, capacity 4439K, committed 4480K, reserved 1048576K
}

