# JRE version: Java(TM) SE Runtime Environment (8.0_333-b02) (build 1.8.0_333-b02)
# Java VM: Java HotSpot(TM) 64-Bit Server VM (25.333-b02 mixed mode windows-amd64 compressed oops)
Heap:
 PSYoungGen      total 258560K, used 106757K [0x00000000d6500000, 0x00000000e7c80000, 0x0000000100000000)
  eden space 233984K, 45% used [0x00000000d6500000,0x00000000dcd415f8,0x00000000e4980000)
  from space 24576K, 0% used [0x00000000e6480000,0x00000000e6480000,0x00000000e7c80000)
  to   space 26112K, 0% used [0x00000000e4980000,0x00000000e4980000,0x00000000e6300000)
 ParOldGen       total 93184K, used 20245K [0x0000000082e00000, 0x0000000088900000, 0x00000000d6500000)
  object space 93184K, 21% used [0x0000000082e00000,0x00000000841c5508,0x0000000088900000)
 Metaspace       used 42294K, capacity 44396K, committed 44632K, reserved 1087488K
  class space    used 5315K, capacity 5662K, committed 5760K, reserved 1048576K
GC Heap History (10 events):
Event: 1.715 GC heap before
{Heap before GC invocations=8 (full 1):
 PSYoungGen      total 112640K, used 111008K [0x00000000d6500000, 0x00000000ddd00000, 0x0000000100000000)
  eden space 103936K, 100% used [0x00000000d6500000,0x00000000dca80000,0x00000000dca80000)
  from space 8704K, 81% used [0x00000000dd300000,0x00000000dd9e8000,0x00000000ddb80000)
  to   space 8704K, 0% used [0x00000000dca80000,0x00000000dca80000,0x00000000dd300000)
 ParOldGen       total 56320K, used 7102K [0x0000000082e00000, 0x0000000086500000, 0x00000000d6500000)
  object space 56320K, 12% used [0x0000000082e00000,0x00000000834efac0,0x0000000086500000)
 Metaspace       used 22144K, capacity 23124K, committed 23296K, reserved 1069056K
  class space    used 2744K, capacity 2946K, committed 3072K, reserved 1048576K
Event: 1.731 GC heap after
Heap after GC invocations=8 (full 1):
 PSYoungGen      total 112640K, used 8695K [0x00000000d6500000, 0x00000000e2b80000, 0x0000000100000000)
  eden space 103936K, 0% used [0x00000000d6500000,0x00000000d6500000,0x00000000dca80000)
  from space 8704K, 99% used [0x00000000dca80000,0x00000000dd2fdf70,0x00000000dd300000)
  to   space 15872K, 0% used [0x00000000e1c00000,0x00000000e1c00000,0x00000000e2b80000)
 ParOldGen       total 56320K, used 20021K [0x0000000082e00000, 0x0000000086500000, 0x00000000d6500000)
  object space 56320K, 35% used [0x0000000082e00000,0x000000008418d5c0,0x0000000086500000)
 Metaspace       used 22144K, capacity 23124K, committed 23296K, reserved 1069056K
  class space    used 2744K, capacity 2946K, committed 3072K, reserved 1048576K
}
Event: 1.989 GC heap before
{Heap before GC invocations=9 (full 1):
 PSYoungGen      total 112640K, used 112631K [0x00000000d6500000, 0x00000000e2b80000, 0x0000000100000000)
  eden space 103936K, 100% used [0x00000000d6500000,0x00000000dca80000,0x00000000dca80000)
  from space 8704K, 99% used [0x00000000dca80000,0x00000000dd2fdf70,0x00000000dd300000)
  to   space 15872K, 0% used [0x00000000e1c00000,0x00000000e1c00000,0x00000000e2b80000)
 ParOldGen       total 56320K, used 20021K [0x0000000082e00000, 0x0000000086500000, 0x00000000d6500000)
  object space 56320K, 35% used [0x0000000082e00000,0x000000008418d5c0,0x0000000086500000)
 Metaspace       used 22173K, capacity 23124K, committed 23296K, reserved 1069056K
  class space    used 2750K, capacity 2946K, committed 3072K, reserved 1048576K
Event: 2.002 GC heap after
Heap after GC invocations=9 (full 1):
 PSYoungGen      total 183296K, used 15852K [0x00000000d6500000, 0x00000000e3700000, 0x0000000100000000)
  eden space 167424K, 0% used [0x00000000d6500000,0x00000000d6500000,0x00000000e0880000)
  from space 15872K, 99% used [0x00000000e1c00000,0x00000000e2b7b3b8,0x00000000e2b80000)
  to   space 19968K, 0% used [0x00000000e0880000,0x00000000e0880000,0x00000000e1c00000)
 ParOldGen       total 56320K, used 23717K [0x0000000082e00000, 0x0000000086500000, 0x00000000d6500000)
  object space 56320K, 42% used [0x0000000082e00000,0x00000000845294d8,0x0000000086500000)
 Metaspace       used 22173K, capacity 23124K, committed 23296K, reserved 1069056K
  class space    used 2750K, capacity 2946K, committed 3072K, reserved 1048576K
}
Event: 2.983 GC heap before
{Heap before GC invocations=10 (full 1):
 PSYoungGen      total 183296K, used 183276K [0x00000000d6500000, 0x00000000e3700000, 0x0000000100000000)
  eden space 167424K, 100% used [0x00000000d6500000,0x00000000e0880000,0x00000000e0880000)
  from space 15872K, 99% used [0x00000000e1c00000,0x00000000e2b7b3b8,0x00000000e2b80000)
  to   space 19968K, 0% used [0x00000000e0880000,0x00000000e0880000,0x00000000e1c00000)
 ParOldGen       total 56320K, used 23717K [0x0000000082e00000, 0x0000000086500000, 0x00000000d6500000)
  object space 56320K, 42% used [0x0000000082e00000,0x00000000845294d8,0x0000000086500000)
 Metaspace       used 29517K, capacity 31024K, committed 31104K, reserved 1077248K
  class space    used 3689K, capacity 3954K, committed 3968K, reserved 1048576K
Event: 3.008 GC heap after
Heap after GC invocations=10 (full 1):
 PSYoungGen      total 187392K, used 19944K [0x00000000d6500000, 0x00000000e7e80000, 0x0000000100000000)
  eden space 167424K, 0% used [0x00000000d6500000,0x00000000d6500000,0x00000000e0880000)
  from space 19968K, 99% used [0x00000000e0880000,0x00000000e1bfa128,0x00000000e1c00000)
  to   space 26624K, 0% used [0x00000000e6480000,0x00000000e6480000,0x00000000e7e80000)
 ParOldGen       total 56320K, used 33644K [0x0000000082e00000, 0x0000000086500000, 0x00000000d6500000)
  object space 56320K, 59% used [0x0000000082e00000,0x0000000084edb278,0x0000000086500000)
 Metaspace       used 29517K, capacity 31024K, committed 31104K, reserved 1077248K
  class space    used 3689K, capacity 3954K, committed 3968K, reserved 1048576K
}
Event: 3.307 GC heap before
{Heap before GC invocations=11 (full 1):
 PSYoungGen      total 187392K, used 51478K [0x00000000d6500000, 0x00000000e7e80000, 0x0000000100000000)
  eden space 167424K, 18% used [0x00000000d6500000,0x00000000d83cb9d0,0x00000000e0880000)
  from space 19968K, 99% used [0x00000000e0880000,0x00000000e1bfa128,0x00000000e1c00000)
  to   space 26624K, 0% used [0x00000000e6480000,0x00000000e6480000,0x00000000e7e80000)
 ParOldGen       total 56320K, used 33644K [0x0000000082e00000, 0x0000000086500000, 0x00000000d6500000)
  object space 56320K, 59% used [0x0000000082e00000,0x0000000084edb278,0x0000000086500000)
 Metaspace       used 33625K, capacity 35306K, committed 35416K, reserved 1081344K
  class space    used 4140K, capacity 4439K, committed 4480K, reserved 1048576K
Event: 3.315 GC heap after
Heap after GC invocations=11 (full 1):
 PSYoungGen      total 258560K, used 8858K [0x00000000d6500000, 0x00000000e7c80000, 0x0000000100000000)
  eden space 233984K, 0% used [0x00000000d6500000,0x00000000d6500000,0x00000000e4980000)
  from space 24576K, 36% used [0x00000000e6480000,0x00000000e6d269d0,0x00000000e7c80000)
  to   space 26112K, 0% used [0x00000000e4980000,0x00000000e4980000,0x00000000e6300000)
 ParOldGen       total 56320K, used 36156K [0x0000000082e00000, 0x0000000086500000, 0x00000000d6500000)
  object space 56320K, 64% used [0x0000000082e00000,0x000000008514f298,0x0000000086500000)
 Metaspace       used 33625K, capacity 35306K, committed 35416K, reserved 1081344K
  class space    used 4140K, capacity 4439K, committed 4480K, reserved 1048576K
}
Event: 3.315 GC heap before
{Heap before GC invocations=12 (full 2):
 PSYoungGen      total 258560K, used 8858K [0x00000000d6500000, 0x00000000e7c80000, 0x0000000100000000)
  eden space 233984K, 0% used [0x00000000d6500000,0x00000000d6500000,0x00000000e4980000)
  from space 24576K, 36% used [0x00000000e6480000,0x00000000e6d269d0,0x00000000e7c80000)
  to   space 26112K, 0% used [0x00000000e4980000,0x00000000e4980000,0x00000000e6300000)
 ParOldGen       total 56320K, used 36156K [0x0000000082e00000, 0x0000000086500000, 0x00000000d6500000)
  object space 56320K, 64% used [0x0000000082e00000,0x000000008514f298,0x0000000086500000)
 Metaspace       used 33625K, capacity 35306K, committed 35416K, reserved 1081344K
  class space    used 4140K, capacity 4439K, committed 4480K, reserved 1048576K
Event: 3.356 GC heap after
Heap after GC invocations=12 (full 2):
 PSYoungGen      total 258560K, used 0K [0x00000000d6500000, 0x00000000e7c80000, 0x0000000100000000)
  eden space 233984K, 0% used [0x00000000d6500000,0x00000000d6500000,0x00000000e4980000)
  from space 24576K, 0% used [0x00000000e6480000,0x00000000e6480000,0x00000000e7c80000)
  to   space 26112K, 0% used [0x00000000e4980000,0x00000000e4980000,0x00000000e6300000)
 ParOldGen       total 93184K, used 20245K [0x0000000082e00000, 0x0000000088900000, 0x00000000d6500000)
  object space 93184K, 21% used [0x0000000082e00000,0x00000000841c5508,0x0000000088900000)
 Metaspace       used 33625K, capacity 35306K, committed 35416K, reserved 1081344K
  class space    used 4140K, capacity 4439K, committed 4480K, reserved 1048576K
}

