# JRE version: Java(TM) SE Runtime Environment (8.0_333-b02) (build 1.8.0_333-b02)
# Java VM: Java HotSpot(TM) 64-Bit Server VM (25.333-b02 mixed mode windows-amd64 compressed oops)
Heap:
 PSYoungGen      total 70656K, used 55790K [0x00000000d6500000, 0x00000000daf00000, 0x0000000100000000)
  eden space 65536K, 77% used [0x00000000d6500000,0x00000000d967c2e8,0x00000000da500000)
  from space 5120K, 99% used [0x00000000da500000,0x00000000da9ff648,0x00000000daa00000)
  to   space 5120K, 0% used [0x00000000daa00000,0x00000000daa00000,0x00000000daf00000)
 ParOldGen       total 64000K, used 11716K [0x0000000082e00000, 0x0000000086c80000, 0x00000000d6500000)
  object space 64000K, 18% used [0x0000000082e00000,0x0000000083971220,0x0000000086c80000)
 Metaspace       used 22102K, capacity 23040K, committed 23168K, reserved 1069056K
  class space    used 2734K, capacity 2944K, committed 2944K, reserved 1048576K
GC Heap History (10 events):
Event: 0.610 GC heap before
{Heap before GC invocations=2 (full 0):
 PSYoungGen      total 37888K, used 37873K [0x00000000d6500000, 0x00000000daf00000, 0x0000000100000000)
  eden space 32768K, 100% used [0x00000000d6500000,0x00000000d8500000,0x00000000d8500000)
  from space 5120K, 99% used [0x00000000d8500000,0x00000000d89fc630,0x00000000d8a00000)
  to   space 5120K, 0% used [0x00000000daa00000,0x00000000daa00000,0x00000000daf00000)
 ParOldGen       total 86016K, used 449K [0x0000000082e00000, 0x0000000088200000, 0x00000000d6500000)
  object space 86016K, 0% used [0x0000000082e00000,0x0000000082e70698,0x0000000088200000)
 Metaspace       used 15016K, capacity 15548K, committed 15872K, reserved 1062912K
  class space    used 1791K, capacity 1936K, committed 2048K, reserved 1048576K
Event: 0.615 GC heap after
Heap after GC invocations=2 (full 0):
 PSYoungGen      total 70656K, used 5116K [0x00000000d6500000, 0x00000000daf00000, 0x0000000100000000)
  eden space 65536K, 0% used [0x00000000d6500000,0x00000000d6500000,0x00000000da500000)
  from space 5120K, 99% used [0x00000000daa00000,0x00000000daeff050,0x00000000daf00000)
  to   space 5120K, 0% used [0x00000000da500000,0x00000000da500000,0x00000000daa00000)
 ParOldGen       total 86016K, used 2979K [0x0000000082e00000, 0x0000000088200000, 0x00000000d6500000)
  object space 86016K, 3% used [0x0000000082e00000,0x00000000830e8f68,0x0000000088200000)
 Metaspace       used 15016K, capacity 15548K, committed 15872K, reserved 1062912K
  class space    used 1791K, capacity 1936K, committed 2048K, reserved 1048576K
}
Event: 0.984 GC heap before
{Heap before GC invocations=3 (full 0):
 PSYoungGen      total 70656K, used 62450K [0x00000000d6500000, 0x00000000daf00000, 0x0000000100000000)
  eden space 65536K, 87% used [0x00000000d6500000,0x00000000d9cfda48,0x00000000da500000)
  from space 5120K, 99% used [0x00000000daa00000,0x00000000daeff050,0x00000000daf00000)
  to   space 5120K, 0% used [0x00000000da500000,0x00000000da500000,0x00000000daa00000)
 ParOldGen       total 86016K, used 2979K [0x0000000082e00000, 0x0000000088200000, 0x00000000d6500000)
  object space 86016K, 3% used [0x0000000082e00000,0x00000000830e8f68,0x0000000088200000)
 Metaspace       used 20362K, capacity 21160K, committed 21248K, reserved 1067008K
  class space    used 2538K, capacity 2744K, committed 2816K, reserved 1048576K
Event: 0.991 GC heap after
Heap after GC invocations=3 (full 0):
 PSYoungGen      total 70656K, used 5117K [0x00000000d6500000, 0x00000000daf00000, 0x0000000100000000)
  eden space 65536K, 0% used [0x00000000d6500000,0x00000000d6500000,0x00000000da500000)
  from space 5120K, 99% used [0x00000000da500000,0x00000000da9ff7f8,0x00000000daa00000)
  to   space 5120K, 0% used [0x00000000daa00000,0x00000000daa00000,0x00000000daf00000)
 ParOldGen       total 86016K, used 7830K [0x0000000082e00000, 0x0000000088200000, 0x00000000d6500000)
  object space 86016K, 9% used [0x0000000082e00000,0x00000000835a5bf0,0x0000000088200000)
 Metaspace       used 20362K, capacity 21160K, committed 21248K, reserved 1067008K
  class space    used 2538K, capacity 2744K, committed 2816K, reserved 1048576K
}
Event: 0.991 GC heap before
{Heap before GC invocations=4 (full 1):
 PSYoungGen      total 70656K, used 5117K [0x00000000d6500000, 0x00000000daf00000, 0x0000000100000000)
  eden space 65536K, 0% used [0x00000000d6500000,0x00000000d6500000,0x00000000da500000)
  from space 5120K, 99% used [0x00000000da500000,0x00000000da9ff7f8,0x00000000daa00000)
  to   space 5120K, 0% used [0x00000000daa00000,0x00000000daa00000,0x00000000daf00000)
 ParOldGen       total 86016K, used 7830K [0x0000000082e00000, 0x0000000088200000, 0x00000000d6500000)
  object space 86016K, 9% used [0x0000000082e00000,0x00000000835a5bf0,0x0000000088200000)
 Metaspace       used 20362K, capacity 21160K, committed 21248K, reserved 1067008K
  class space    used 2538K, capacity 2744K, committed 2816K, reserved 1048576K
Event: 1.011 GC heap after
Heap after GC invocations=4 (full 1):
 PSYoungGen      total 70656K, used 0K [0x00000000d6500000, 0x00000000daf00000, 0x0000000100000000)
  eden space 65536K, 0% used [0x00000000d6500000,0x00000000d6500000,0x00000000da500000)
  from space 5120K, 0% used [0x00000000da500000,0x00000000da500000,0x00000000daa00000)
  to   space 5120K, 0% used [0x00000000daa00000,0x00000000daa00000,0x00000000daf00000)
 ParOldGen       total 64000K, used 9698K [0x0000000082e00000, 0x0000000086c80000, 0x00000000d6500000)
  object space 64000K, 15% used [0x0000000082e00000,0x0000000083778aa0,0x0000000086c80000)
 Metaspace       used 20360K, capacity 21154K, committed 21248K, reserved 1067008K
  class space    used 2538K, capacity 2743K, committed 2816K, reserved 1048576K
}
Event: 1.223 GC heap before
{Heap before GC invocations=5 (full 1):
 PSYoungGen      total 70656K, used 65536K [0x00000000d6500000, 0x00000000daf00000, 0x0000000100000000)
  eden space 65536K, 100% used [0x00000000d6500000,0x00000000da500000,0x00000000da500000)
  from space 5120K, 0% used [0x00000000da500000,0x00000000da500000,0x00000000daa00000)
  to   space 5120K, 0% used [0x00000000daa00000,0x00000000daa00000,0x00000000daf00000)
 ParOldGen       total 64000K, used 9698K [0x0000000082e00000, 0x0000000086c80000, 0x00000000d6500000)
  object space 64000K, 15% used [0x0000000082e00000,0x0000000083778aa0,0x0000000086c80000)
 Metaspace       used 21991K, capacity 22976K, committed 23168K, reserved 1069056K
  class space    used 2728K, capacity 2944K, committed 2944K, reserved 1048576K
Event: 1.225 GC heap after
Heap after GC invocations=5 (full 1):
 PSYoungGen      total 70656K, used 5098K [0x00000000d6500000, 0x00000000daf00000, 0x0000000100000000)
  eden space 65536K, 0% used [0x00000000d6500000,0x00000000d6500000,0x00000000da500000)
  from space 5120K, 99% used [0x00000000daa00000,0x00000000daefaa28,0x00000000daf00000)
  to   space 5120K, 0% used [0x00000000da500000,0x00000000da500000,0x00000000daa00000)
 ParOldGen       total 64000K, used 9820K [0x0000000082e00000, 0x0000000086c80000, 0x00000000d6500000)
  object space 64000K, 15% used [0x0000000082e00000,0x0000000083797220,0x0000000086c80000)
 Metaspace       used 21991K, capacity 22976K, committed 23168K, reserved 1069056K
  class space    used 2728K, capacity 2944K, committed 2944K, reserved 1048576K
}
Event: 1.404 GC heap before
{Heap before GC invocations=6 (full 1):
 PSYoungGen      total 70656K, used 70634K [0x00000000d6500000, 0x00000000daf00000, 0x0000000100000000)
  eden space 65536K, 100% used [0x00000000d6500000,0x00000000da500000,0x00000000da500000)
  from space 5120K, 99% used [0x00000000daa00000,0x00000000daefaa28,0x00000000daf00000)
  to   space 5120K, 0% used [0x00000000da500000,0x00000000da500000,0x00000000daa00000)
 ParOldGen       total 64000K, used 9820K [0x0000000082e00000, 0x0000000086c80000, 0x00000000d6500000)
  object space 64000K, 15% used [0x0000000082e00000,0x0000000083797220,0x0000000086c80000)
 Metaspace       used 22083K, capacity 23040K, committed 23168K, reserved 1069056K
  class space    used 2729K, capacity 2944K, committed 2944K, reserved 1048576K
Event: 1.410 GC heap after
Heap after GC invocations=6 (full 1):
 PSYoungGen      total 70656K, used 5117K [0x00000000d6500000, 0x00000000daf00000, 0x0000000100000000)
  eden space 65536K, 0% used [0x00000000d6500000,0x00000000d6500000,0x00000000da500000)
  from space 5120K, 99% used [0x00000000da500000,0x00000000da9ff648,0x00000000daa00000)
  to   space 5120K, 0% used [0x00000000daa00000,0x00000000daa00000,0x00000000daf00000)
 ParOldGen       total 64000K, used 11716K [0x0000000082e00000, 0x0000000086c80000, 0x00000000d6500000)
  object space 64000K, 18% used [0x0000000082e00000,0x0000000083971220,0x0000000086c80000)
 Metaspace       used 22083K, capacity 23040K, committed 23168K, reserved 1069056K
  class space    used 2729K, capacity 2944K, committed 2944K, reserved 1048576K
}

