# JRE version: Java(TM) SE Runtime Environment (8.0_333-b02) (build 1.8.0_333-b02)
# Java VM: Java HotSpot(TM) 64-Bit Server VM (25.333-b02 mixed mode windows-amd64 compressed oops)
Heap:
 PSYoungGen      total 259072K, used 144732K [0x00000000d6500000, 0x00000000e7d00000, 0x0000000100000000)
  eden space 234496K, 61% used [0x00000000d6500000,0x00000000df257278,0x00000000e4a00000)
  from space 24576K, 0% used [0x00000000e6500000,0x00000000e6500000,0x00000000e7d00000)
  to   space 26112K, 0% used [0x00000000e4a00000,0x00000000e4a00000,0x00000000e6380000)
 ParOldGen       total 93184K, used 19924K [0x0000000082e00000, 0x0000000088900000, 0x00000000d6500000)
  object space 93184K, 21% used [0x0000000082e00000,0x0000000084175090,0x0000000088900000)
 Metaspace       used 44161K, capacity 46386K, committed 46680K, reserved 1089536K
  class space    used 5546K, capacity 5923K, committed 6016K, reserved 1048576K
GC Heap History (10 events):
Event: 1.794 GC heap before
{Heap before GC invocations=8 (full 1):
 PSYoungGen      total 113152K, used 111456K [0x00000000d6500000, 0x00000000ddd00000, 0x0000000100000000)
  eden space 104448K, 100% used [0x00000000d6500000,0x00000000dcb00000,0x00000000dcb00000)
  from space 8704K, 80% used [0x00000000dd380000,0x00000000dda58000,0x00000000ddc00000)
  to   space 8704K, 0% used [0x00000000dcb00000,0x00000000dcb00000,0x00000000dd380000)
 ParOldGen       total 55808K, used 6980K [0x0000000082e00000, 0x0000000086480000, 0x00000000d6500000)
  object space 55808K, 12% used [0x0000000082e00000,0x00000000834d11c0,0x0000000086480000)
 Metaspace       used 22185K, capacity 23120K, committed 23296K, reserved 1069056K
  class space    used 2746K, capacity 2946K, committed 3072K, reserved 1048576K
Event: 1.811 GC heap after
Heap after GC invocations=8 (full 1):
 PSYoungGen      total 113152K, used 8682K [0x00000000d6500000, 0x00000000e2c80000, 0x0000000100000000)
  eden space 104448K, 0% used [0x00000000d6500000,0x00000000d6500000,0x00000000dcb00000)
  from space 8704K, 99% used [0x00000000dcb00000,0x00000000dd37ab88,0x00000000dd380000)
  to   space 15872K, 0% used [0x00000000e1d00000,0x00000000e1d00000,0x00000000e2c80000)
 ParOldGen       total 55808K, used 19942K [0x0000000082e00000, 0x0000000086480000, 0x00000000d6500000)
  object space 55808K, 35% used [0x0000000082e00000,0x0000000084179b90,0x0000000086480000)
 Metaspace       used 22185K, capacity 23120K, committed 23296K, reserved 1069056K
  class space    used 2746K, capacity 2946K, committed 3072K, reserved 1048576K
}
Event: 2.073 GC heap before
{Heap before GC invocations=9 (full 1):
 PSYoungGen      total 113152K, used 113130K [0x00000000d6500000, 0x00000000e2c80000, 0x0000000100000000)
  eden space 104448K, 100% used [0x00000000d6500000,0x00000000dcb00000,0x00000000dcb00000)
  from space 8704K, 99% used [0x00000000dcb00000,0x00000000dd37ab88,0x00000000dd380000)
  to   space 15872K, 0% used [0x00000000e1d00000,0x00000000e1d00000,0x00000000e2c80000)
 ParOldGen       total 55808K, used 19942K [0x0000000082e00000, 0x0000000086480000, 0x00000000d6500000)
  object space 55808K, 35% used [0x0000000082e00000,0x0000000084179b90,0x0000000086480000)
 Metaspace       used 22214K, capacity 23120K, committed 23296K, reserved 1069056K
  class space    used 2753K, capacity 2946K, committed 3072K, reserved 1048576K
Event: 2.085 GC heap after
Heap after GC invocations=9 (full 1):
 PSYoungGen      total 184320K, used 15855K [0x00000000d6500000, 0x00000000e3700000, 0x0000000100000000)
  eden space 168448K, 0% used [0x00000000d6500000,0x00000000d6500000,0x00000000e0980000)
  from space 15872K, 99% used [0x00000000e1d00000,0x00000000e2c7bd60,0x00000000e2c80000)
  to   space 19968K, 0% used [0x00000000e0980000,0x00000000e0980000,0x00000000e1d00000)
 ParOldGen       total 55808K, used 23816K [0x0000000082e00000, 0x0000000086480000, 0x00000000d6500000)
  object space 55808K, 42% used [0x0000000082e00000,0x0000000084542100,0x0000000086480000)
 Metaspace       used 22214K, capacity 23120K, committed 23296K, reserved 1069056K
  class space    used 2753K, capacity 2946K, committed 3072K, reserved 1048576K
}
Event: 3.135 GC heap before
{Heap before GC invocations=10 (full 1):
 PSYoungGen      total 184320K, used 184303K [0x00000000d6500000, 0x00000000e3700000, 0x0000000100000000)
  eden space 168448K, 100% used [0x00000000d6500000,0x00000000e0980000,0x00000000e0980000)
  from space 15872K, 99% used [0x00000000e1d00000,0x00000000e2c7bd60,0x00000000e2c80000)
  to   space 19968K, 0% used [0x00000000e0980000,0x00000000e0980000,0x00000000e1d00000)
 ParOldGen       total 55808K, used 23816K [0x0000000082e00000, 0x0000000086480000, 0x00000000d6500000)
  object space 55808K, 42% used [0x0000000082e00000,0x0000000084542100,0x0000000086480000)
 Metaspace       used 31259K, capacity 32816K, committed 33152K, reserved 1079296K
  class space    used 3840K, capacity 4146K, committed 4224K, reserved 1048576K
Event: 3.157 GC heap after
Heap after GC invocations=10 (full 1):
 PSYoungGen      total 188416K, used 19958K [0x00000000d6500000, 0x00000000e7f80000, 0x0000000100000000)
  eden space 168448K, 0% used [0x00000000d6500000,0x00000000d6500000,0x00000000e0980000)
  from space 19968K, 99% used [0x00000000e0980000,0x00000000e1cfdab8,0x00000000e1d00000)
  to   space 27136K, 0% used [0x00000000e6500000,0x00000000e6500000,0x00000000e7f80000)
 ParOldGen       total 55808K, used 34291K [0x0000000082e00000, 0x0000000086480000, 0x00000000d6500000)
  object space 55808K, 61% used [0x0000000082e00000,0x0000000084f7cd58,0x0000000086480000)
 Metaspace       used 31259K, capacity 32816K, committed 33152K, reserved 1079296K
  class space    used 3840K, capacity 4146K, committed 4224K, reserved 1048576K
}
Event: 3.403 GC heap before
{Heap before GC invocations=11 (full 1):
 PSYoungGen      total 188416K, used 46187K [0x00000000d6500000, 0x00000000e7f80000, 0x0000000100000000)
  eden space 168448K, 15% used [0x00000000d6500000,0x00000000d7e9d540,0x00000000e0980000)
  from space 19968K, 99% used [0x00000000e0980000,0x00000000e1cfdab8,0x00000000e1d00000)
  to   space 27136K, 0% used [0x00000000e6500000,0x00000000e6500000,0x00000000e7f80000)
 ParOldGen       total 55808K, used 34291K [0x0000000082e00000, 0x0000000086480000, 0x00000000d6500000)
  object space 55808K, 61% used [0x0000000082e00000,0x0000000084f7cd58,0x0000000086480000)
 Metaspace       used 33618K, capacity 35306K, committed 35416K, reserved 1081344K
  class space    used 4139K, capacity 4439K, committed 4480K, reserved 1048576K
Event: 3.410 GC heap after
Heap after GC invocations=11 (full 1):
 PSYoungGen      total 259072K, used 8580K [0x00000000d6500000, 0x00000000e7d00000, 0x0000000100000000)
  eden space 234496K, 0% used [0x00000000d6500000,0x00000000d6500000,0x00000000e4a00000)
  from space 24576K, 34% used [0x00000000e6500000,0x00000000e6d61048,0x00000000e7d00000)
  to   space 26112K, 0% used [0x00000000e4a00000,0x00000000e4a00000,0x00000000e6380000)
 ParOldGen       total 55808K, used 36827K [0x0000000082e00000, 0x0000000086480000, 0x00000000d6500000)
  object space 55808K, 65% used [0x0000000082e00000,0x00000000851f6d78,0x0000000086480000)
 Metaspace       used 33618K, capacity 35306K, committed 35416K, reserved 1081344K
  class space    used 4139K, capacity 4439K, committed 4480K, reserved 1048576K
}
Event: 3.410 GC heap before
{Heap before GC invocations=12 (full 2):
 PSYoungGen      total 259072K, used 8580K [0x00000000d6500000, 0x00000000e7d00000, 0x0000000100000000)
  eden space 234496K, 0% used [0x00000000d6500000,0x00000000d6500000,0x00000000e4a00000)
  from space 24576K, 34% used [0x00000000e6500000,0x00000000e6d61048,0x00000000e7d00000)
  to   space 26112K, 0% used [0x00000000e4a00000,0x00000000e4a00000,0x00000000e6380000)
 ParOldGen       total 55808K, used 36827K [0x0000000082e00000, 0x0000000086480000, 0x00000000d6500000)
  object space 55808K, 65% used [0x0000000082e00000,0x00000000851f6d78,0x0000000086480000)
 Metaspace       used 33618K, capacity 35306K, committed 35416K, reserved 1081344K
  class space    used 4139K, capacity 4439K, committed 4480K, reserved 1048576K
Event: 3.454 GC heap after
Heap after GC invocations=12 (full 2):
 PSYoungGen      total 259072K, used 0K [0x00000000d6500000, 0x00000000e7d00000, 0x0000000100000000)
  eden space 234496K, 0% used [0x00000000d6500000,0x00000000d6500000,0x00000000e4a00000)
  from space 24576K, 0% used [0x00000000e6500000,0x00000000e6500000,0x00000000e7d00000)
  to   space 26112K, 0% used [0x00000000e4a00000,0x00000000e4a00000,0x00000000e6380000)
 ParOldGen       total 93184K, used 19924K [0x0000000082e00000, 0x0000000088900000, 0x00000000d6500000)
  object space 93184K, 21% used [0x0000000082e00000,0x0000000084175090,0x0000000088900000)
 Metaspace       used 33618K, capacity 35306K, committed 35416K, reserved 1081344K
  class space    used 4139K, capacity 4439K, committed 4480K, reserved 1048576K
}

